<?xml version="1.0" encoding="UTF-8"?>
<coverage generated="1764475721">
  <project timestamp="1764475721" name="Clover Coverage">
    <file name="/home/omgaalfa/php-projetos/applications/swift-router/src/Interfaces/MiddlewareInterface.php">
      <metrics loc="21" ncloc="14" classes="0" methods="0" coveredmethods="0" conditionals="0" coveredconditionals="0" statements="0" coveredstatements="0" elements="0" coveredelements="0"/>
    </file>
    <package name="Omegaalfa\SwiftRouter\Middleware">
      <file name="/home/omgaalfa/php-projetos/applications/swift-router/src/Middleware/AuthMiddleware.php">
        <class name="Omegaalfa\SwiftRouter\Middleware\AuthMiddleware" namespace="Omegaalfa\SwiftRouter\Middleware">
          <metrics complexity="3" methods="1" coveredmethods="1" conditionals="0" coveredconditionals="0" statements="9" coveredstatements="9" elements="10" coveredelements="10"/>
        </class>
        <line num="11" type="method" name="process" visibility="public" complexity="3" crap="3" count="3"/>
        <line num="13" type="stmt" count="3"/>
        <line num="15" type="stmt" count="3"/>
        <line num="16" type="stmt" count="2"/>
        <line num="17" type="stmt" count="2"/>
        <line num="18" type="stmt" count="2"/>
        <line num="19" type="stmt" count="2"/>
        <line num="22" type="stmt" count="1"/>
        <line num="23" type="stmt" count="1"/>
        <line num="25" type="stmt" count="1"/>
        <metrics loc="27" ncloc="27" classes="1" methods="1" coveredmethods="1" conditionals="0" coveredconditionals="0" statements="9" coveredstatements="9" elements="10" coveredelements="10"/>
      </file>
      <file name="/home/omgaalfa/php-projetos/applications/swift-router/src/Middleware/CorsMiddleware.php">
        <class name="Omegaalfa\SwiftRouter\Middleware\CorsMiddleware" namespace="Omegaalfa\SwiftRouter\Middleware">
          <metrics complexity="1" methods="1" coveredmethods="1" conditionals="0" coveredconditionals="0" statements="4" coveredstatements="4" elements="5" coveredelements="5"/>
        </class>
        <line num="11" type="method" name="process" visibility="public" complexity="1" crap="1" count="1"/>
        <line num="13" type="stmt" count="1"/>
        <line num="15" type="stmt" count="1"/>
        <line num="16" type="stmt" count="1"/>
        <line num="17" type="stmt" count="1"/>
        <metrics loc="19" ncloc="19" classes="1" methods="1" coveredmethods="1" conditionals="0" coveredconditionals="0" statements="4" coveredstatements="4" elements="5" coveredelements="5"/>
      </file>
      <file name="/home/omgaalfa/php-projetos/applications/swift-router/src/Middleware/JsonMiddleware.php">
        <class name="Omegaalfa\SwiftRouter\Middleware\JsonMiddleware" namespace="Omegaalfa\SwiftRouter\Middleware">
          <metrics complexity="2" methods="1" coveredmethods="1" conditionals="0" coveredconditionals="0" statements="6" coveredstatements="6" elements="7" coveredelements="7"/>
        </class>
        <line num="11" type="method" name="process" visibility="public" complexity="2" crap="2" count="2"/>
        <line num="13" type="stmt" count="2"/>
        <line num="16" type="stmt" count="2"/>
        <line num="17" type="stmt" count="1"/>
        <line num="18" type="stmt" count="1"/>
        <line num="19" type="stmt" count="1"/>
        <line num="22" type="stmt" count="1"/>
        <metrics loc="25" ncloc="24" classes="1" methods="1" coveredmethods="1" conditionals="0" coveredconditionals="0" statements="6" coveredstatements="6" elements="7" coveredelements="7"/>
      </file>
      <file name="/home/omgaalfa/php-projetos/applications/swift-router/src/Middleware/RateLimitMiddleware.php">
        <class name="Omegaalfa\SwiftRouter\Middleware\RateLimitMiddleware" namespace="Omegaalfa\SwiftRouter\Middleware">
          <metrics complexity="2" methods="1" coveredmethods="1" conditionals="0" coveredconditionals="0" statements="15" coveredstatements="15" elements="16" coveredelements="16"/>
        </class>
        <line num="31" type="method" name="process" visibility="public" complexity="2" crap="2" count="2"/>
        <line num="33" type="stmt" count="2"/>
        <line num="34" type="stmt" count="2"/>
        <line num="37" type="stmt" count="2"/>
        <line num="38" type="stmt" count="2"/>
        <line num="39" type="stmt" count="2"/>
        <line num="40" type="stmt" count="2"/>
        <line num="43" type="stmt" count="2"/>
        <line num="44" type="stmt" count="1"/>
        <line num="45" type="stmt" count="1"/>
        <line num="46" type="stmt" count="1"/>
        <line num="47" type="stmt" count="1"/>
        <line num="48" type="stmt" count="1"/>
        <line num="52" type="stmt" count="2"/>
        <line num="53" type="stmt" count="2"/>
        <line num="55" type="stmt" count="2"/>
        <metrics loc="57" ncloc="39" classes="1" methods="1" coveredmethods="1" conditionals="0" coveredconditionals="0" statements="15" coveredstatements="15" elements="16" coveredelements="16"/>
      </file>
      <file name="/home/omgaalfa/php-projetos/applications/swift-router/src/Middleware/ResponseWrapperMiddleware.php">
        <class name="Omegaalfa\SwiftRouter\Middleware\ResponseWrapperMiddleware" namespace="Omegaalfa\SwiftRouter\Middleware">
          <metrics complexity="2" methods="1" coveredmethods="1" conditionals="0" coveredconditionals="0" statements="12" coveredstatements="12" elements="13" coveredelements="13"/>
        </class>
        <line num="11" type="method" name="process" visibility="public" complexity="2" crap="2" count="1"/>
        <line num="13" type="stmt" count="1"/>
        <line num="16" type="stmt" count="1"/>
        <line num="17" type="stmt" count="1"/>
        <line num="18" type="stmt" count="1"/>
        <line num="19" type="stmt" count="1"/>
        <line num="20" type="stmt" count="1"/>
        <line num="21" type="stmt" count="1"/>
        <line num="24" type="stmt" count="1"/>
        <line num="25" type="stmt" count="1"/>
        <line num="26" type="stmt" count="1"/>
        <line num="27" type="stmt" count="1"/>
        <line num="28" type="stmt" count="1"/>
        <metrics loc="30" ncloc="29" classes="1" methods="1" coveredmethods="1" conditionals="0" coveredconditionals="0" statements="12" coveredstatements="12" elements="13" coveredelements="13"/>
      </file>
      <file name="/home/omgaalfa/php-projetos/applications/swift-router/src/Middleware/TimerMiddleware.php">
        <class name="Omegaalfa\SwiftRouter\Middleware\TimerMiddleware" namespace="Omegaalfa\SwiftRouter\Middleware">
          <metrics complexity="1" methods="1" coveredmethods="1" conditionals="0" coveredconditionals="0" statements="4" coveredstatements="4" elements="5" coveredelements="5"/>
        </class>
        <line num="11" type="method" name="process" visibility="public" complexity="1" crap="1" count="2"/>
        <line num="13" type="stmt" count="2"/>
        <line num="14" type="stmt" count="2"/>
        <line num="15" type="stmt" count="2"/>
        <line num="17" type="stmt" count="2"/>
        <metrics loc="19" ncloc="19" classes="1" methods="1" coveredmethods="1" conditionals="0" coveredconditionals="0" statements="4" coveredstatements="4" elements="5" coveredelements="5"/>
      </file>
      <file name="/home/omgaalfa/php-projetos/applications/swift-router/src/Middleware/ValidationMiddleware.php">
        <class name="Omegaalfa\SwiftRouter\Middleware\ValidationMiddleware" namespace="Omegaalfa\SwiftRouter\Middleware">
          <metrics complexity="7" methods="2" coveredmethods="2" conditionals="0" coveredconditionals="0" statements="12" coveredstatements="12" elements="14" coveredelements="14"/>
        </class>
        <line num="17" type="method" name="__construct" visibility="public" complexity="1" crap="1" count="4"/>
        <line num="19" type="method" name="process" visibility="public" complexity="6" crap="6" count="4"/>
        <line num="21" type="stmt" count="4"/>
        <line num="22" type="stmt" count="4"/>
        <line num="24" type="stmt" count="4"/>
        <line num="25" type="stmt" count="1"/>
        <line num="26" type="stmt" count="1"/>
        <line num="27" type="stmt" count="1"/>
        <line num="30" type="stmt" count="3"/>
        <line num="31" type="stmt" count="1"/>
        <line num="32" type="stmt" count="1"/>
        <line num="33" type="stmt" count="1"/>
        <line num="37" type="stmt" count="2"/>
        <metrics loc="40" ncloc="37" classes="1" methods="2" coveredmethods="2" conditionals="0" coveredconditionals="0" statements="12" coveredstatements="12" elements="14" coveredelements="14"/>
      </file>
    </package>
    <package name="Omegaalfa\SwiftRouter\Router">
      <file name="/home/omgaalfa/php-projetos/applications/swift-router/src/Router/RequestContext.php">
        <class name="Omegaalfa\SwiftRouter\Router\RequestContext" namespace="Omegaalfa\SwiftRouter\Router">
          <metrics complexity="4" methods="4" coveredmethods="4" conditionals="0" coveredconditionals="0" statements="4" coveredstatements="4" elements="8" coveredelements="8"/>
        </class>
        <line num="16" type="method" name="__construct" visibility="public" complexity="1" crap="1" count="24"/>
        <line num="23" type="stmt" count="24"/>
        <line num="32" type="method" name="set" visibility="public" complexity="1" crap="1" count="3"/>
        <line num="34" type="stmt" count="3"/>
        <line num="44" type="method" name="get" visibility="public" complexity="1" crap="1" count="8"/>
        <line num="46" type="stmt" count="8"/>
        <line num="55" type="method" name="has" visibility="public" complexity="1" crap="1" count="1"/>
        <line num="57" type="stmt" count="1"/>
        <metrics loc="59" ncloc="33" classes="1" methods="4" coveredmethods="4" conditionals="0" coveredconditionals="0" statements="4" coveredstatements="4" elements="8" coveredelements="8"/>
      </file>
      <file name="/home/omgaalfa/php-projetos/applications/swift-router/src/Router/Response.php">
        <class name="Omegaalfa\SwiftRouter\Router\Response" namespace="Omegaalfa\SwiftRouter\Router">
          <metrics complexity="4" methods="4" coveredmethods="4" conditionals="0" coveredconditionals="0" statements="10" coveredstatements="10" elements="14" coveredelements="14"/>
        </class>
        <line num="13" type="method" name="__construct" visibility="public" complexity="1" crap="1" count="26"/>
        <line num="19" type="stmt" count="26"/>
        <line num="27" type="method" name="withBody" visibility="public" complexity="1" crap="1" count="9"/>
        <line num="29" type="stmt" count="9"/>
        <line num="30" type="stmt" count="9"/>
        <line num="31" type="stmt" count="9"/>
        <line num="40" type="method" name="withStatus" visibility="public" complexity="1" crap="1" count="7"/>
        <line num="42" type="stmt" count="7"/>
        <line num="43" type="stmt" count="7"/>
        <line num="44" type="stmt" count="7"/>
        <line num="54" type="method" name="withHeader" visibility="public" complexity="1" crap="1" count="6"/>
        <line num="56" type="stmt" count="6"/>
        <line num="57" type="stmt" count="6"/>
        <line num="58" type="stmt" count="6"/>
        <metrics loc="61" ncloc="39" classes="1" methods="4" coveredmethods="4" conditionals="0" coveredconditionals="0" statements="10" coveredstatements="10" elements="14" coveredelements="14"/>
      </file>
      <file name="/home/omgaalfa/php-projetos/applications/swift-router/src/Router/SwiftRouter.php">
        <class name="Omegaalfa\SwiftRouter\Router\SwiftRouter" namespace="Omegaalfa\SwiftRouter\Router">
          <metrics complexity="5" methods="5" coveredmethods="5" conditionals="0" coveredconditionals="0" statements="10" coveredstatements="10" elements="15" coveredelements="15"/>
        </class>
        <line num="17" type="method" name="get" visibility="public" complexity="1" crap="1" count="7"/>
        <line num="19" type="stmt" count="7"/>
        <line num="20" type="stmt" count="7"/>
        <line num="26" type="method" name="post" visibility="public" complexity="1" crap="1" count="1"/>
        <line num="28" type="stmt" count="1"/>
        <line num="29" type="stmt" count="1"/>
        <line num="35" type="method" name="put" visibility="public" complexity="1" crap="1" count="1"/>
        <line num="37" type="stmt" count="1"/>
        <line num="38" type="stmt" count="1"/>
        <line num="44" type="method" name="delete" visibility="public" complexity="1" crap="1" count="1"/>
        <line num="46" type="stmt" count="1"/>
        <line num="47" type="stmt" count="1"/>
        <line num="53" type="method" name="patch" visibility="public" complexity="1" crap="1" count="1"/>
        <line num="55" type="stmt" count="1"/>
        <line num="56" type="stmt" count="1"/>
        <metrics loc="60" ncloc="42" classes="1" methods="5" coveredmethods="5" conditionals="0" coveredconditionals="0" statements="10" coveredstatements="10" elements="15" coveredelements="15"/>
      </file>
      <file name="/home/omgaalfa/php-projetos/applications/swift-router/src/Router/TreeNode.php">
        <class name="Omegaalfa\SwiftRouter\Router\TreeNode" namespace="Omegaalfa\SwiftRouter\Router">
          <metrics complexity="0" methods="0" coveredmethods="0" conditionals="0" coveredconditionals="0" statements="0" coveredstatements="0" elements="0" coveredelements="0"/>
        </class>
        <metrics loc="44" ncloc="28" classes="0" methods="0" coveredmethods="0" conditionals="0" coveredconditionals="0" statements="0" coveredstatements="0" elements="0" coveredelements="0"/>
      </file>
      <file name="/home/omgaalfa/php-projetos/applications/swift-router/src/Router/TreeRouter.php">
        <class name="Omegaalfa\SwiftRouter\Router\TreeRouter" namespace="Omegaalfa\SwiftRouter\Router">
          <metrics complexity="38" methods="11" coveredmethods="7" conditionals="0" coveredconditionals="0" statements="122" coveredstatements="110" elements="133" coveredelements="117"/>
        </class>
        <line num="39" type="method" name="__construct" visibility="public" complexity="1" crap="1" count="10"/>
        <line num="41" type="stmt" count="10"/>
        <line num="49" type="method" name="use" visibility="public" complexity="2" crap="2" count="3"/>
        <line num="51" type="stmt" count="3"/>
        <line num="52" type="stmt" count="1"/>
        <line num="53" type="stmt" count="1"/>
        <line num="56" type="stmt" count="2"/>
        <line num="64" type="stmt" count="2"/>
        <line num="69" type="stmt" count="1"/>
        <line num="71" type="stmt" count="2"/>
        <line num="73" type="stmt" count="2"/>
        <line num="89" type="method" name="group" visibility="public" complexity="1" crap="1" count="3"/>
        <line num="92" type="stmt" count="3"/>
        <line num="93" type="stmt" count="3"/>
        <line num="96" type="stmt" count="3"/>
        <line num="97" type="stmt" count="3"/>
        <line num="100" type="stmt" count="3"/>
        <line num="103" type="stmt" count="3"/>
        <line num="104" type="stmt" count="3"/>
        <line num="115" type="method" name="addRoute" visibility="public" complexity="9" crap="9" count="8"/>
        <line num="118" type="stmt" count="8"/>
        <line num="121" type="stmt" count="8"/>
        <line num="124" type="stmt" count="8"/>
        <line num="127" type="stmt" count="8"/>
        <line num="130" type="stmt" count="8"/>
        <line num="133" type="stmt" count="8"/>
        <line num="134" type="stmt" count="7"/>
        <line num="135" type="stmt" count="7"/>
        <line num="136" type="stmt" count="7"/>
        <line num="137" type="stmt" count="7"/>
        <line num="138" type="stmt" count="7"/>
        <line num="141" type="stmt" count="8"/>
        <line num="142" type="stmt" count="8"/>
        <line num="144" type="stmt" count="8"/>
        <line num="145" type="stmt" count="8"/>
        <line num="146" type="stmt" count="0"/>
        <line num="149" type="stmt" count="8"/>
        <line num="150" type="stmt" count="2"/>
        <line num="151" type="stmt" count="2"/>
        <line num="152" type="stmt" count="2"/>
        <line num="153" type="stmt" count="2"/>
        <line num="155" type="stmt" count="2"/>
        <line num="156" type="stmt" count="2"/>
        <line num="159" type="stmt" count="8"/>
        <line num="160" type="stmt" count="8"/>
        <line num="163" type="stmt" count="8"/>
        <line num="166" type="stmt" count="8"/>
        <line num="167" type="stmt" count="8"/>
        <line num="168" type="stmt" count="8"/>
        <line num="178" type="method" name="buildGroupPath" visibility="private" complexity="3" crap="3.03" count="3"/>
        <line num="180" type="stmt" count="3"/>
        <line num="181" type="stmt" count="3"/>
        <line num="183" type="stmt" count="3"/>
        <line num="184" type="stmt" count="3"/>
        <line num="187" type="stmt" count="3"/>
        <line num="188" type="stmt" count="0"/>
        <line num="191" type="stmt" count="3"/>
        <line num="204" type="method" name="dispatch" visibility="public" complexity="4" crap="4" count="9"/>
        <line num="206" type="stmt" count="9"/>
        <line num="208" type="stmt" count="9"/>
        <line num="209" type="stmt" count="1"/>
        <line num="213" type="stmt" count="8"/>
        <line num="216" type="stmt" count="8"/>
        <line num="219" type="stmt" count="8"/>
        <line num="223" type="stmt" count="8"/>
        <line num="224" type="stmt" count="8"/>
        <line num="227" type="stmt" count="8"/>
        <line num="228" type="stmt" count="1"/>
        <line num="232" type="stmt" count="7"/>
        <line num="233" type="stmt" count="8"/>
        <line num="236" type="stmt" count="8"/>
        <line num="237" type="stmt" count="3"/>
        <line num="241" type="stmt" count="8"/>
        <line num="251" type="method" name="findRoute" visibility="public" complexity="12" crap="12.52" count="9"/>
        <line num="254" type="stmt" count="9"/>
        <line num="257" type="stmt" count="9"/>
        <line num="260" type="stmt" count="9"/>
        <line num="263" type="stmt" count="9"/>
        <line num="264" type="stmt" count="6"/>
        <line num="268" type="stmt" count="3"/>
        <line num="269" type="stmt" count="0"/>
        <line num="270" type="stmt" count="0"/>
        <line num="271" type="stmt" count="0"/>
        <line num="272" type="stmt" count="0"/>
        <line num="275" type="stmt" count="3"/>
        <line num="276" type="stmt" count="3"/>
        <line num="277" type="stmt" count="3"/>
        <line num="278" type="stmt" count="3"/>
        <line num="280" type="stmt" count="3"/>
        <line num="281" type="stmt" count="3"/>
        <line num="282" type="stmt" count="0"/>
        <line num="286" type="stmt" count="3"/>
        <line num="287" type="stmt" count="2"/>
        <line num="288" type="stmt" count="2"/>
        <line num="292" type="stmt" count="3"/>
        <line num="293" type="stmt" count="2"/>
        <line num="294" type="stmt" count="2"/>
        <line num="295" type="stmt" count="2"/>
        <line num="299" type="stmt" count="1"/>
        <line num="302" type="stmt" count="2"/>
        <line num="303" type="stmt" count="2"/>
        <line num="304" type="stmt" count="2"/>
        <line num="305" type="stmt" count="2"/>
        <line num="306" type="stmt" count="2"/>
        <line num="307" type="stmt" count="2"/>
        <line num="310" type="stmt" count="2"/>
        <line num="311" type="stmt" count="2"/>
        <line num="312" type="stmt" count="1"/>
        <line num="314" type="stmt" count="1"/>
        <line num="315" type="stmt" count="1"/>
        <line num="316" type="stmt" count="1"/>
        <line num="320" type="stmt" count="2"/>
        <line num="323" type="stmt" count="0"/>
        <line num="333" type="method" name="wrapMiddleware" visibility="private" complexity="3" crap="4.12" count="3"/>
        <line num="335" type="stmt" count="3"/>
        <line num="336" type="stmt" count="3"/>
        <line num="337" type="stmt" count="3"/>
        <line num="340" type="stmt" count="0"/>
        <line num="341" type="stmt" count="0"/>
        <line num="342" type="stmt" count="0"/>
        <line num="345" type="stmt" count="0"/>
        <line num="346" type="stmt" count="3"/>
        <line num="354" type="method" name="getStats" visibility="public" complexity="1" crap="1" count="1"/>
        <line num="356" type="stmt" count="1"/>
        <line num="357" type="stmt" count="1"/>
        <line num="358" type="stmt" count="1"/>
        <line num="359" type="stmt" count="1"/>
        <line num="360" type="stmt" count="1"/>
        <line num="361" type="stmt" count="1"/>
        <line num="367" type="method" name="clearCache" visibility="public" complexity="1" crap="1" count="1"/>
        <line num="369" type="stmt" count="1"/>
        <line num="375" type="method" name="setCacheLimit" visibility="public" complexity="1" crap="1" count="1"/>
        <line num="377" type="stmt" count="1"/>
        <metrics loc="380" ncloc="273" classes="1" methods="11" coveredmethods="7" conditionals="0" coveredconditionals="0" statements="122" coveredstatements="110" elements="133" coveredelements="117"/>
      </file>
    </package>
    <metrics files="13" loc="842" ncloc="623" classes="11" methods="32" coveredmethods="28" conditionals="0" coveredconditionals="0" statements="208" coveredstatements="196" elements="240" coveredelements="224"/>
  </project>
</coverage>
