<?xml version="1.0" encoding="UTF-8"?>
<coverage generated="1764449062">
  <project timestamp="1764449062" name="Clover Coverage">
    <file name="/home/omgaalfa/php-projetos/applications/swift-router/src/Interfaces/MiddlewareInterface.php">
      <metrics loc="21" ncloc="14" classes="0" methods="0" coveredmethods="0" conditionals="0" coveredconditionals="0" statements="0" coveredstatements="0" elements="0" coveredelements="0"/>
    </file>
    <package name="Omegaalfa\SwiftRouter\Middleware">
      <file name="/home/omgaalfa/php-projetos/applications/swift-router/src/Middleware/AuthMiddleware.php">
        <class name="Omegaalfa\SwiftRouter\Middleware\AuthMiddleware" namespace="Omegaalfa\SwiftRouter\Middleware">
          <metrics complexity="3" methods="1" coveredmethods="1" conditionals="0" coveredconditionals="0" statements="9" coveredstatements="9" elements="10" coveredelements="10"/>
        </class>
        <line num="11" type="method" name="process" visibility="public" complexity="3" crap="3" count="3"/>
        <line num="13" type="stmt" count="3"/>
        <line num="15" type="stmt" count="3"/>
        <line num="16" type="stmt" count="2"/>
        <line num="17" type="stmt" count="2"/>
        <line num="18" type="stmt" count="2"/>
        <line num="19" type="stmt" count="2"/>
        <line num="22" type="stmt" count="1"/>
        <line num="23" type="stmt" count="1"/>
        <line num="25" type="stmt" count="1"/>
        <metrics loc="27" ncloc="27" classes="1" methods="1" coveredmethods="1" conditionals="0" coveredconditionals="0" statements="9" coveredstatements="9" elements="10" coveredelements="10"/>
      </file>
      <file name="/home/omgaalfa/php-projetos/applications/swift-router/src/Middleware/CorsMiddleware.php">
        <class name="Omegaalfa\SwiftRouter\Middleware\CorsMiddleware" namespace="Omegaalfa\SwiftRouter\Middleware">
          <metrics complexity="1" methods="1" coveredmethods="1" conditionals="0" coveredconditionals="0" statements="4" coveredstatements="4" elements="5" coveredelements="5"/>
        </class>
        <line num="11" type="method" name="process" visibility="public" complexity="1" crap="1" count="1"/>
        <line num="13" type="stmt" count="1"/>
        <line num="15" type="stmt" count="1"/>
        <line num="16" type="stmt" count="1"/>
        <line num="17" type="stmt" count="1"/>
        <metrics loc="19" ncloc="19" classes="1" methods="1" coveredmethods="1" conditionals="0" coveredconditionals="0" statements="4" coveredstatements="4" elements="5" coveredelements="5"/>
      </file>
      <file name="/home/omgaalfa/php-projetos/applications/swift-router/src/Middleware/JsonMiddleware.php">
        <class name="Omegaalfa\SwiftRouter\Middleware\JsonMiddleware" namespace="Omegaalfa\SwiftRouter\Middleware">
          <metrics complexity="2" methods="1" coveredmethods="1" conditionals="0" coveredconditionals="0" statements="6" coveredstatements="6" elements="7" coveredelements="7"/>
        </class>
        <line num="11" type="method" name="process" visibility="public" complexity="2" crap="2" count="2"/>
        <line num="13" type="stmt" count="2"/>
        <line num="16" type="stmt" count="2"/>
        <line num="17" type="stmt" count="1"/>
        <line num="18" type="stmt" count="1"/>
        <line num="19" type="stmt" count="1"/>
        <line num="22" type="stmt" count="1"/>
        <metrics loc="25" ncloc="24" classes="1" methods="1" coveredmethods="1" conditionals="0" coveredconditionals="0" statements="6" coveredstatements="6" elements="7" coveredelements="7"/>
      </file>
      <file name="/home/omgaalfa/php-projetos/applications/swift-router/src/Middleware/RateLimitMiddleware.php">
        <class name="Omegaalfa\SwiftRouter\Middleware\RateLimitMiddleware" namespace="Omegaalfa\SwiftRouter\Middleware">
          <metrics complexity="2" methods="1" coveredmethods="1" conditionals="0" coveredconditionals="0" statements="15" coveredstatements="15" elements="16" coveredelements="16"/>
        </class>
        <line num="15" type="method" name="process" visibility="public" complexity="2" crap="2" count="2"/>
        <line num="17" type="stmt" count="2"/>
        <line num="18" type="stmt" count="2"/>
        <line num="21" type="stmt" count="2"/>
        <line num="22" type="stmt" count="2"/>
        <line num="23" type="stmt" count="2"/>
        <line num="24" type="stmt" count="2"/>
        <line num="27" type="stmt" count="2"/>
        <line num="28" type="stmt" count="1"/>
        <line num="29" type="stmt" count="1"/>
        <line num="30" type="stmt" count="1"/>
        <line num="31" type="stmt" count="1"/>
        <line num="32" type="stmt" count="1"/>
        <line num="36" type="stmt" count="2"/>
        <line num="37" type="stmt" count="2"/>
        <line num="39" type="stmt" count="2"/>
        <metrics loc="41" ncloc="37" classes="1" methods="1" coveredmethods="1" conditionals="0" coveredconditionals="0" statements="15" coveredstatements="15" elements="16" coveredelements="16"/>
      </file>
      <file name="/home/omgaalfa/php-projetos/applications/swift-router/src/Middleware/ResponseWrapperMiddleware.php">
        <class name="Omegaalfa\SwiftRouter\Middleware\ResponseWrapperMiddleware" namespace="Omegaalfa\SwiftRouter\Middleware">
          <metrics complexity="2" methods="1" coveredmethods="1" conditionals="0" coveredconditionals="0" statements="12" coveredstatements="12" elements="13" coveredelements="13"/>
        </class>
        <line num="11" type="method" name="process" visibility="public" complexity="2" crap="2" count="1"/>
        <line num="13" type="stmt" count="1"/>
        <line num="16" type="stmt" count="1"/>
        <line num="17" type="stmt" count="1"/>
        <line num="18" type="stmt" count="1"/>
        <line num="19" type="stmt" count="1"/>
        <line num="20" type="stmt" count="1"/>
        <line num="21" type="stmt" count="1"/>
        <line num="24" type="stmt" count="1"/>
        <line num="25" type="stmt" count="1"/>
        <line num="26" type="stmt" count="1"/>
        <line num="27" type="stmt" count="1"/>
        <line num="28" type="stmt" count="1"/>
        <metrics loc="30" ncloc="29" classes="1" methods="1" coveredmethods="1" conditionals="0" coveredconditionals="0" statements="12" coveredstatements="12" elements="13" coveredelements="13"/>
      </file>
      <file name="/home/omgaalfa/php-projetos/applications/swift-router/src/Middleware/TimerMiddleware.php">
        <class name="Omegaalfa\SwiftRouter\Middleware\TimerMiddleware" namespace="Omegaalfa\SwiftRouter\Middleware">
          <metrics complexity="1" methods="1" coveredmethods="1" conditionals="0" coveredconditionals="0" statements="4" coveredstatements="4" elements="5" coveredelements="5"/>
        </class>
        <line num="11" type="method" name="process" visibility="public" complexity="1" crap="1" count="2"/>
        <line num="13" type="stmt" count="2"/>
        <line num="14" type="stmt" count="2"/>
        <line num="15" type="stmt" count="2"/>
        <line num="17" type="stmt" count="2"/>
        <metrics loc="19" ncloc="19" classes="1" methods="1" coveredmethods="1" conditionals="0" coveredconditionals="0" statements="4" coveredstatements="4" elements="5" coveredelements="5"/>
      </file>
      <file name="/home/omgaalfa/php-projetos/applications/swift-router/src/Middleware/ValidationMiddleware.php">
        <class name="Omegaalfa\SwiftRouter\Middleware\ValidationMiddleware" namespace="Omegaalfa\SwiftRouter\Middleware">
          <metrics complexity="7" methods="2" coveredmethods="2" conditionals="0" coveredconditionals="0" statements="12" coveredstatements="12" elements="14" coveredelements="14"/>
        </class>
        <line num="11" type="method" name="__construct" visibility="public" complexity="1" crap="1" count="4"/>
        <line num="13" type="method" name="process" visibility="public" complexity="6" crap="6" count="4"/>
        <line num="15" type="stmt" count="4"/>
        <line num="16" type="stmt" count="4"/>
        <line num="18" type="stmt" count="4"/>
        <line num="19" type="stmt" count="1"/>
        <line num="20" type="stmt" count="1"/>
        <line num="21" type="stmt" count="1"/>
        <line num="24" type="stmt" count="3"/>
        <line num="25" type="stmt" count="1"/>
        <line num="26" type="stmt" count="1"/>
        <line num="27" type="stmt" count="1"/>
        <line num="31" type="stmt" count="2"/>
        <metrics loc="33" ncloc="33" classes="1" methods="2" coveredmethods="2" conditionals="0" coveredconditionals="0" statements="12" coveredstatements="12" elements="14" coveredelements="14"/>
      </file>
    </package>
    <package name="Omegaalfa\SwiftRouter\Router">
      <file name="/home/omgaalfa/php-projetos/applications/swift-router/src/Router/RequestContext.php">
        <class name="Omegaalfa\SwiftRouter\Router\RequestContext" namespace="Omegaalfa\SwiftRouter\Router">
          <metrics complexity="4" methods="4" coveredmethods="4" conditionals="0" coveredconditionals="0" statements="4" coveredstatements="4" elements="8" coveredelements="8"/>
        </class>
        <line num="10" type="method" name="__construct" visibility="public" complexity="1" crap="1" count="24"/>
        <line num="17" type="stmt" count="24"/>
        <line num="22" type="method" name="set" visibility="public" complexity="1" crap="1" count="3"/>
        <line num="24" type="stmt" count="3"/>
        <line num="30" type="method" name="get" visibility="public" complexity="1" crap="1" count="8"/>
        <line num="32" type="stmt" count="8"/>
        <line num="38" type="method" name="has" visibility="public" complexity="1" crap="1" count="1"/>
        <line num="40" type="stmt" count="1"/>
        <metrics loc="42" ncloc="33" classes="1" methods="4" coveredmethods="4" conditionals="0" coveredconditionals="0" statements="4" coveredstatements="4" elements="8" coveredelements="8"/>
      </file>
      <file name="/home/omgaalfa/php-projetos/applications/swift-router/src/Router/Response.php">
        <class name="Omegaalfa\SwiftRouter\Router\Response" namespace="Omegaalfa\SwiftRouter\Router">
          <metrics complexity="4" methods="4" coveredmethods="4" conditionals="0" coveredconditionals="0" statements="10" coveredstatements="10" elements="14" coveredelements="14"/>
        </class>
        <line num="10" type="method" name="__construct" visibility="public" complexity="1" crap="1" count="26"/>
        <line num="16" type="stmt" count="26"/>
        <line num="21" type="method" name="withBody" visibility="public" complexity="1" crap="1" count="9"/>
        <line num="23" type="stmt" count="9"/>
        <line num="24" type="stmt" count="9"/>
        <line num="25" type="stmt" count="9"/>
        <line num="31" type="method" name="withStatus" visibility="public" complexity="1" crap="1" count="7"/>
        <line num="33" type="stmt" count="7"/>
        <line num="34" type="stmt" count="7"/>
        <line num="35" type="stmt" count="7"/>
        <line num="41" type="method" name="withHeader" visibility="public" complexity="1" crap="1" count="6"/>
        <line num="43" type="stmt" count="6"/>
        <line num="44" type="stmt" count="6"/>
        <line num="45" type="stmt" count="6"/>
        <metrics loc="47" ncloc="38" classes="1" methods="4" coveredmethods="4" conditionals="0" coveredconditionals="0" statements="10" coveredstatements="10" elements="14" coveredelements="14"/>
      </file>
      <file name="/home/omgaalfa/php-projetos/applications/swift-router/src/Router/SwiftRouter.php">
        <class name="Omegaalfa\SwiftRouter\Router\SwiftRouter" namespace="Omegaalfa\SwiftRouter\Router">
          <metrics complexity="5" methods="5" coveredmethods="5" conditionals="0" coveredconditionals="0" statements="10" coveredstatements="10" elements="15" coveredelements="15"/>
        </class>
        <line num="12" type="method" name="get" visibility="public" complexity="1" crap="1" count="7"/>
        <line num="14" type="stmt" count="7"/>
        <line num="15" type="stmt" count="7"/>
        <line num="18" type="method" name="post" visibility="public" complexity="1" crap="1" count="1"/>
        <line num="20" type="stmt" count="1"/>
        <line num="21" type="stmt" count="1"/>
        <line num="24" type="method" name="put" visibility="public" complexity="1" crap="1" count="1"/>
        <line num="26" type="stmt" count="1"/>
        <line num="27" type="stmt" count="1"/>
        <line num="30" type="method" name="delete" visibility="public" complexity="1" crap="1" count="1"/>
        <line num="32" type="stmt" count="1"/>
        <line num="33" type="stmt" count="1"/>
        <line num="36" type="method" name="patch" visibility="public" complexity="1" crap="1" count="1"/>
        <line num="38" type="stmt" count="1"/>
        <line num="39" type="stmt" count="1"/>
        <metrics loc="42" ncloc="39" classes="1" methods="5" coveredmethods="5" conditionals="0" coveredconditionals="0" statements="10" coveredstatements="10" elements="15" coveredelements="15"/>
      </file>
      <file name="/home/omgaalfa/php-projetos/applications/swift-router/src/Router/TreeNode.php">
        <class name="Omegaalfa\SwiftRouter\Router\TreeNode" namespace="Omegaalfa\SwiftRouter\Router">
          <metrics complexity="0" methods="0" coveredmethods="0" conditionals="0" coveredconditionals="0" statements="0" coveredstatements="0" elements="0" coveredelements="0"/>
        </class>
        <metrics loc="37" ncloc="27" classes="0" methods="0" coveredmethods="0" conditionals="0" coveredconditionals="0" statements="0" coveredstatements="0" elements="0" coveredelements="0"/>
      </file>
      <file name="/home/omgaalfa/php-projetos/applications/swift-router/src/Router/TreeRouter.php">
        <class name="Omegaalfa\SwiftRouter\Router\TreeRouter" namespace="Omegaalfa\SwiftRouter\Router">
          <metrics complexity="39" methods="11" coveredmethods="7" conditionals="0" coveredconditionals="0" statements="120" coveredstatements="109" elements="131" coveredelements="116"/>
        </class>
        <line num="39" type="method" name="__construct" visibility="public" complexity="1" crap="1" count="10"/>
        <line num="41" type="stmt" count="10"/>
        <line num="49" type="method" name="use" visibility="public" complexity="3" crap="3" count="3"/>
        <line num="51" type="stmt" count="3"/>
        <line num="52" type="stmt" count="2"/>
        <line num="55" type="stmt" count="2"/>
        <line num="59" type="stmt" count="1"/>
        <line num="61" type="stmt" count="2"/>
        <line num="64" type="stmt" count="3"/>
        <line num="65" type="stmt" count="3"/>
        <line num="81" type="method" name="group" visibility="public" complexity="1" crap="1" count="3"/>
        <line num="84" type="stmt" count="3"/>
        <line num="85" type="stmt" count="3"/>
        <line num="88" type="stmt" count="3"/>
        <line num="89" type="stmt" count="3"/>
        <line num="92" type="stmt" count="3"/>
        <line num="95" type="stmt" count="3"/>
        <line num="96" type="stmt" count="3"/>
        <line num="107" type="method" name="addRoute" visibility="public" complexity="9" crap="9" count="8"/>
        <line num="110" type="stmt" count="8"/>
        <line num="113" type="stmt" count="8"/>
        <line num="116" type="stmt" count="8"/>
        <line num="119" type="stmt" count="8"/>
        <line num="122" type="stmt" count="8"/>
        <line num="125" type="stmt" count="8"/>
        <line num="126" type="stmt" count="7"/>
        <line num="127" type="stmt" count="7"/>
        <line num="128" type="stmt" count="7"/>
        <line num="129" type="stmt" count="7"/>
        <line num="130" type="stmt" count="7"/>
        <line num="133" type="stmt" count="8"/>
        <line num="134" type="stmt" count="8"/>
        <line num="136" type="stmt" count="8"/>
        <line num="137" type="stmt" count="8"/>
        <line num="138" type="stmt" count="0"/>
        <line num="141" type="stmt" count="8"/>
        <line num="142" type="stmt" count="2"/>
        <line num="143" type="stmt" count="2"/>
        <line num="144" type="stmt" count="2"/>
        <line num="145" type="stmt" count="2"/>
        <line num="147" type="stmt" count="2"/>
        <line num="148" type="stmt" count="2"/>
        <line num="151" type="stmt" count="8"/>
        <line num="152" type="stmt" count="8"/>
        <line num="155" type="stmt" count="8"/>
        <line num="158" type="stmt" count="8"/>
        <line num="159" type="stmt" count="8"/>
        <line num="160" type="stmt" count="8"/>
        <line num="170" type="method" name="buildGroupPath" visibility="private" complexity="3" crap="3.03" count="3"/>
        <line num="172" type="stmt" count="3"/>
        <line num="173" type="stmt" count="3"/>
        <line num="175" type="stmt" count="3"/>
        <line num="176" type="stmt" count="3"/>
        <line num="179" type="stmt" count="3"/>
        <line num="180" type="stmt" count="0"/>
        <line num="183" type="stmt" count="3"/>
        <line num="196" type="method" name="dispatch" visibility="public" complexity="4" crap="4" count="9"/>
        <line num="198" type="stmt" count="9"/>
        <line num="200" type="stmt" count="9"/>
        <line num="201" type="stmt" count="1"/>
        <line num="205" type="stmt" count="8"/>
        <line num="208" type="stmt" count="8"/>
        <line num="211" type="stmt" count="8"/>
        <line num="215" type="stmt" count="8"/>
        <line num="216" type="stmt" count="8"/>
        <line num="219" type="stmt" count="8"/>
        <line num="220" type="stmt" count="1"/>
        <line num="224" type="stmt" count="7"/>
        <line num="225" type="stmt" count="8"/>
        <line num="228" type="stmt" count="8"/>
        <line num="229" type="stmt" count="3"/>
        <line num="233" type="stmt" count="8"/>
        <line num="243" type="method" name="findRoute" visibility="public" complexity="12" crap="12.52" count="9"/>
        <line num="246" type="stmt" count="9"/>
        <line num="249" type="stmt" count="9"/>
        <line num="252" type="stmt" count="9"/>
        <line num="255" type="stmt" count="9"/>
        <line num="256" type="stmt" count="6"/>
        <line num="260" type="stmt" count="3"/>
        <line num="261" type="stmt" count="0"/>
        <line num="262" type="stmt" count="0"/>
        <line num="263" type="stmt" count="0"/>
        <line num="264" type="stmt" count="0"/>
        <line num="267" type="stmt" count="3"/>
        <line num="268" type="stmt" count="3"/>
        <line num="269" type="stmt" count="3"/>
        <line num="270" type="stmt" count="3"/>
        <line num="272" type="stmt" count="3"/>
        <line num="273" type="stmt" count="3"/>
        <line num="274" type="stmt" count="0"/>
        <line num="278" type="stmt" count="3"/>
        <line num="279" type="stmt" count="2"/>
        <line num="280" type="stmt" count="2"/>
        <line num="284" type="stmt" count="3"/>
        <line num="285" type="stmt" count="2"/>
        <line num="286" type="stmt" count="2"/>
        <line num="287" type="stmt" count="2"/>
        <line num="291" type="stmt" count="1"/>
        <line num="294" type="stmt" count="2"/>
        <line num="295" type="stmt" count="2"/>
        <line num="296" type="stmt" count="2"/>
        <line num="297" type="stmt" count="2"/>
        <line num="298" type="stmt" count="2"/>
        <line num="299" type="stmt" count="2"/>
        <line num="302" type="stmt" count="2"/>
        <line num="303" type="stmt" count="2"/>
        <line num="304" type="stmt" count="1"/>
        <line num="305" type="stmt" count="1"/>
        <line num="306" type="stmt" count="1"/>
        <line num="307" type="stmt" count="1"/>
        <line num="311" type="stmt" count="2"/>
        <line num="314" type="stmt" count="0"/>
        <line num="324" type="method" name="wrapMiddleware" visibility="private" complexity="3" crap="3.71" count="3"/>
        <line num="326" type="stmt" count="3"/>
        <line num="327" type="stmt" count="3"/>
        <line num="328" type="stmt" count="3"/>
        <line num="332" type="stmt" count="0"/>
        <line num="333" type="stmt" count="0"/>
        <line num="336" type="stmt" count="0"/>
        <line num="337" type="stmt" count="3"/>
        <line num="343" type="method" name="getStats" visibility="public" complexity="1" crap="1" count="1"/>
        <line num="345" type="stmt" count="1"/>
        <line num="346" type="stmt" count="1"/>
        <line num="347" type="stmt" count="1"/>
        <line num="348" type="stmt" count="1"/>
        <line num="349" type="stmt" count="1"/>
        <line num="350" type="stmt" count="1"/>
        <line num="356" type="method" name="clearCache" visibility="public" complexity="1" crap="1" count="1"/>
        <line num="358" type="stmt" count="1"/>
        <line num="364" type="method" name="setCacheLimit" visibility="public" complexity="1" crap="1" count="1"/>
        <line num="366" type="stmt" count="1"/>
        <metrics loc="369" ncloc="267" classes="1" methods="11" coveredmethods="7" conditionals="0" coveredconditionals="0" statements="120" coveredstatements="109" elements="131" coveredelements="116"/>
      </file>
    </package>
    <metrics files="13" loc="752" ncloc="606" classes="11" methods="32" coveredmethods="28" conditionals="0" coveredconditionals="0" statements="206" coveredstatements="195" elements="238" coveredelements="223"/>
  </project>
</coverage>
